# JRE version: Java(TM) SE Runtime Environment (24.0.1+9) (build 24.0.1+9-30)
# Java VM: Java HotSpot(TM) 64-Bit Server VM (24.0.1+9-30, mixed mode, sharing, tiered, compressed oops, compressed class ptrs, g1 gc, windows-amd64)
GC Precious Log:
 CardTable entry size: 512
 Card Set container configuration: InlinePtr #cards 5 size 8 Array Of Cards #cards 10 size 36 Howl #buckets 4 coarsen threshold 1843 Howl Bitmap #cards 512 size 80 coarsen threshold 460 Card regions per heap region 1 cards per card region 2048
 CPUs: 8 total, 8 available
 Memory: 12279M
 Large Page Support: Disabled
 NUMA Support: Disabled
 Compressed Oops: Enabled (32-bit)
 Heap Region Size: 1M
 Heap Min Capacity: 8M
 Heap Initial Capacity: 192M
 Heap Max Capacity: 2G
 Pre-touch: Disabled
 Parallel Workers: 8
 Concurrent Workers: 2
 Concurrent Refinement Workers: 8
 Periodic GC: Disabled
Heap:
 garbage-first heap   total reserved 2097152K, committed 389120K, used 232490K [0x0000000080000000, 0x0000000100000000)
  region size 1024K, 40 young (40960K), 16 survivors (16384K)
 Metaspace       used 175613K, committed 178368K, reserved 1245184K
  class space    used 18987K, committed 20288K, reserved 1048576K
GC Heap History (20 events):
Event: 29.158 GC heap before
{Heap before GC invocations=46 (full 0):
 garbage-first heap   total reserved 2097152K, committed 387072K, used 306836K [0x0000000080000000, 0x0000000100000000)
  region size 1024K, 150 young (153600K), 8 survivors (8192K)
 Metaspace       used 132489K, committed 134848K, reserved 1179648K
  class space    used 14246K, committed 15360K, reserved 1048576K
}
Event: 29.186 GC heap after
{Heap after GC invocations=47 (full 0):
 garbage-first heap   total reserved 2097152K, committed 387072K, used 179200K [0x0000000080000000, 0x0000000100000000)
  region size 1024K, 19 young (19456K), 19 survivors (19456K)
 Metaspace       used 132489K, committed 134848K, reserved 1179648K
  class space    used 14246K, committed 15360K, reserved 1048576K
}
Event: 30.304 GC heap before
{Heap before GC invocations=47 (full 0):
 garbage-first heap   total reserved 2097152K, committed 387072K, used 300032K [0x0000000080000000, 0x0000000100000000)
  region size 1024K, 137 young (140288K), 19 survivors (19456K)
 Metaspace       used 132564K, committed 134976K, reserved 1179648K
  class space    used 14248K, committed 15360K, reserved 1048576K
}
Event: 30.325 GC heap after
{Heap after GC invocations=48 (full 0):
 garbage-first heap   total reserved 2097152K, committed 387072K, used 177152K [0x0000000080000000, 0x0000000100000000)
  region size 1024K, 3 young (3072K), 3 survivors (3072K)
 Metaspace       used 132564K, committed 134976K, reserved 1179648K
  class space    used 14248K, committed 15360K, reserved 1048576K
}
Event: 31.244 GC heap before
{Heap before GC invocations=48 (full 0):
 garbage-first heap   total reserved 2097152K, committed 387072K, used 309248K [0x0000000080000000, 0x0000000100000000)
  region size 1024K, 132 young (135168K), 3 survivors (3072K)
 Metaspace       used 132566K, committed 134976K, reserved 1179648K
  class space    used 14248K, committed 15360K, reserved 1048576K
}
Event: 31.247 GC heap after
{Heap after GC invocations=49 (full 0):
 garbage-first heap   total reserved 2097152K, committed 387072K, used 176838K [0x0000000080000000, 0x0000000100000000)
  region size 1024K, 3 young (3072K), 3 survivors (3072K)
 Metaspace       used 132566K, committed 134976K, reserved 1179648K
  class space    used 14248K, committed 15360K, reserved 1048576K
}
Event: 32.234 GC heap before
{Heap before GC invocations=49 (full 0):
 garbage-first heap   total reserved 2097152K, committed 387072K, used 321222K [0x0000000080000000, 0x0000000100000000)
  region size 1024K, 143 young (146432K), 3 survivors (3072K)
 Metaspace       used 133617K, committed 136000K, reserved 1179648K
  class space    used 14365K, committed 15488K, reserved 1048576K
}
Event: 32.236 GC heap after
{Heap after GC invocations=50 (full 0):
 garbage-first heap   total reserved 2097152K, committed 387072K, used 176775K [0x0000000080000000, 0x0000000100000000)
  region size 1024K, 2 young (2048K), 2 survivors (2048K)
 Metaspace       used 133617K, committed 136000K, reserved 1179648K
  class space    used 14365K, committed 15488K, reserved 1048576K
}
Event: 34.526 GC heap before
{Heap before GC invocations=50 (full 0):
 garbage-first heap   total reserved 2097152K, committed 387072K, used 335495K [0x0000000080000000, 0x0000000100000000)
  region size 1024K, 152 young (155648K), 2 survivors (2048K)
 Metaspace       used 144516K, committed 147008K, reserved 1179648K
  class space    used 15433K, committed 16576K, reserved 1048576K
}
Event: 34.535 GC heap after
{Heap after GC invocations=51 (full 0):
 garbage-first heap   total reserved 2097152K, committed 387072K, used 188558K [0x0000000080000000, 0x0000000100000000)
  region size 1024K, 12 young (12288K), 12 survivors (12288K)
 Metaspace       used 144516K, committed 147008K, reserved 1179648K
  class space    used 15433K, committed 16576K, reserved 1048576K
}
Event: 37.004 GC heap before
{Heap before GC invocations=51 (full 0):
 garbage-first heap   total reserved 2097152K, committed 387072K, used 339086K [0x0000000080000000, 0x0000000100000000)
  region size 1024K, 156 young (159744K), 12 survivors (12288K)
 Metaspace       used 152255K, committed 154752K, reserved 1245184K
  class space    used 16293K, committed 17472K, reserved 1048576K
}
Event: 37.016 GC heap after
{Heap after GC invocations=52 (full 0):
 garbage-first heap   total reserved 2097152K, committed 387072K, used 198120K [0x0000000080000000, 0x0000000100000000)
  region size 1024K, 18 young (18432K), 18 survivors (18432K)
 Metaspace       used 152255K, committed 154752K, reserved 1245184K
  class space    used 16293K, committed 17472K, reserved 1048576K
}
Event: 38.312 GC heap before
{Heap before GC invocations=52 (full 0):
 garbage-first heap   total reserved 2097152K, committed 387072K, used 274920K [0x0000000080000000, 0x0000000100000000)
  region size 1024K, 95 young (97280K), 18 survivors (18432K)
 Metaspace       used 152761K, committed 155264K, reserved 1245184K
  class space    used 16342K, committed 17536K, reserved 1048576K
}
Event: 38.330 GC heap after
{Heap after GC invocations=53 (full 0):
 garbage-first heap   total reserved 2097152K, committed 387072K, used 201579K [0x0000000080000000, 0x0000000100000000)
  region size 1024K, 11 young (11264K), 11 survivors (11264K)
 Metaspace       used 152761K, committed 155264K, reserved 1245184K
  class space    used 16342K, committed 17536K, reserved 1048576K
}
Event: 40.954 GC heap before
{Heap before GC invocations=54 (full 0):
 garbage-first heap   total reserved 2097152K, committed 387072K, used 361323K [0x0000000080000000, 0x0000000100000000)
  region size 1024K, 155 young (158720K), 11 survivors (11264K)
 Metaspace       used 154772K, committed 157312K, reserved 1245184K
  class space    used 16434K, committed 17664K, reserved 1048576K
}
Event: 40.979 GC heap after
{Heap after GC invocations=55 (full 0):
 garbage-first heap   total reserved 2097152K, committed 389120K, used 214006K [0x0000000080000000, 0x0000000100000000)
  region size 1024K, 20 young (20480K), 20 survivors (20480K)
 Metaspace       used 154772K, committed 157312K, reserved 1245184K
  class space    used 16434K, committed 17664K, reserved 1048576K
}
Event: 43.563 GC heap before
{Heap before GC invocations=55 (full 0):
 garbage-first heap   total reserved 2097152K, committed 389120K, used 350198K [0x0000000080000000, 0x0000000100000000)
  region size 1024K, 152 young (155648K), 20 survivors (20480K)
 Metaspace       used 165226K, committed 167872K, reserved 1245184K
  class space    used 17603K, committed 18816K, reserved 1048576K
}
Event: 43.592 GC heap after
{Heap after GC invocations=56 (full 0):
 garbage-first heap   total reserved 2097152K, committed 389120K, used 207868K [0x0000000080000000, 0x0000000100000000)
  region size 1024K, 8 young (8192K), 8 survivors (8192K)
 Metaspace       used 165226K, committed 167872K, reserved 1245184K
  class space    used 17603K, committed 18816K, reserved 1048576K
}
Event: 46.407 GC heap before
{Heap before GC invocations=56 (full 0):
 garbage-first heap   total reserved 2097152K, committed 389120K, used 351228K [0x0000000080000000, 0x0000000100000000)
  region size 1024K, 148 young (151552K), 8 survivors (8192K)
 Metaspace       used 174185K, committed 176960K, reserved 1245184K
  class space    used 18763K, committed 20096K, reserved 1048576K
}
Event: 46.424 GC heap after
{Heap after GC invocations=57 (full 0):
 garbage-first heap   total reserved 2097152K, committed 389120K, used 208938K [0x0000000080000000, 0x0000000100000000)
  region size 1024K, 16 young (16384K), 16 survivors (16384K)
 Metaspace       used 174185K, committed 176960K, reserved 1245184K
  class space    used 18763K, committed 20096K, reserved 1048576K
}

